{"/Users/muhammadazmizein/Desktop/week6CRUD/back-end/controllers/pikachu.js": {"path":"/Users/muhammadazmizein/Desktop/week6CRUD/back-end/controllers/pikachu.js","statementMap":{"0":{"start":{"line":1,"column":16},"end":{"line":1,"column":34}},"1":{"start":{"line":2,"column":17},"end":{"line":2,"column":36}},"2":{"start":{"line":3,"column":19},"end":{"line":3,"column":33}},"3":{"start":{"line":4,"column":14},"end":{"line":4,"column":30}},"4":{"start":{"line":5,"column":13},"end":{"line":5,"column":46}},"5":{"start":{"line":6,"column":13},"end":{"line":6,"column":28}},"6":{"start":{"line":7,"column":12},"end":{"line":7,"column":21}},"7":{"start":{"line":9,"column":0},"end":{"line":9,"column":24}},"8":{"start":{"line":11,"column":16},"end":{"line":21,"column":1}},"9":{"start":{"line":12,"column":2},"end":{"line":14,"column":3}},"10":{"start":{"line":13,"column":4},"end":{"line":13,"column":17}},"11":{"start":{"line":15,"column":2},"end":{"line":19,"column":3}},"12":{"start":{"line":15,"column":15},"end":{"line":15,"column":16}},"13":{"start":{"line":16,"column":4},"end":{"line":18,"column":5}},"14":{"start":{"line":17,"column":6},"end":{"line":17,"column":19}},"15":{"start":{"line":20,"column":2},"end":{"line":20,"column":14}},"16":{"start":{"line":23,"column":27},"end":{"line":35,"column":1}},"17":{"start":{"line":24,"column":2},"end":{"line":24,"column":23}},"18":{"start":{"line":24,"column":14},"end":{"line":24,"column":23}},"19":{"start":{"line":25,"column":2},"end":{"line":25,"column":24}},"20":{"start":{"line":25,"column":15},"end":{"line":25,"column":24}},"21":{"start":{"line":26,"column":10},"end":{"line":26,"column":11}},"22":{"start":{"line":27,"column":8},"end":{"line":27,"column":9}},"23":{"start":{"line":29,"column":2},"end":{"line":33,"column":3}},"24":{"start":{"line":29,"column":15},"end":{"line":29,"column":16}},"25":{"start":{"line":30,"column":4},"end":{"line":30,"column":17}},"26":{"start":{"line":31,"column":4},"end":{"line":31,"column":10}},"27":{"start":{"line":32,"column":4},"end":{"line":32,"column":13}},"28":{"start":{"line":34,"column":2},"end":{"line":34,"column":11}},"29":{"start":{"line":37,"column":35},"end":{"line":42,"column":1}},"30":{"start":{"line":38,"column":20},"end":{"line":38,"column":38}},"31":{"start":{"line":39,"column":23},"end":{"line":39,"column":35}},"32":{"start":{"line":40,"column":18},"end":{"line":40,"column":43}},"33":{"start":{"line":41,"column":2},"end":{"line":41,"column":38}},"34":{"start":{"line":44,"column":0},"end":{"line":155,"column":2}},"35":{"start":{"line":50,"column":4},"end":{"line":56,"column":5}},"36":{"start":{"line":51,"column":23},"end":{"line":51,"column":76}},"37":{"start":{"line":52,"column":26},"end":{"line":52,"column":78}},"38":{"start":{"line":52,"column":65},"end":{"line":52,"column":77}},"39":{"start":{"line":53,"column":6},"end":{"line":53,"column":40}},"40":{"start":{"line":55,"column":6},"end":{"line":55,"column":32}},"41":{"start":{"line":60,"column":4},"end":{"line":68,"column":5}},"42":{"start":{"line":61,"column":26},"end":{"line":61,"column":41}},"43":{"start":{"line":62,"column":23},"end":{"line":64,"column":7}},"44":{"start":{"line":65,"column":6},"end":{"line":65,"column":42}},"45":{"start":{"line":67,"column":6},"end":{"line":67,"column":48}},"46":{"start":{"line":72,"column":4},"end":{"line":100,"column":5}},"47":{"start":{"line":73,"column":23},"end":{"line":73,"column":76}},"48":{"start":{"line":74,"column":23},"end":{"line":74,"column":75}},"49":{"start":{"line":74,"column":62},"end":{"line":74,"column":74}},"50":{"start":{"line":76,"column":26},"end":{"line":76,"column":69}},"51":{"start":{"line":77,"column":28},"end":{"line":77,"column":49}},"52":{"start":{"line":79,"column":6},"end":{"line":97,"column":7}},"53":{"start":{"line":80,"column":8},"end":{"line":83,"column":11}},"54":{"start":{"line":85,"column":8},"end":{"line":85,"column":49}},"55":{"start":{"line":87,"column":8},"end":{"line":91,"column":11}},"56":{"start":{"line":93,"column":8},"end":{"line":96,"column":11}},"57":{"start":{"line":99,"column":6},"end":{"line":99,"column":32}},"58":{"start":{"line":104,"column":4},"end":{"line":110,"column":5}},"59":{"start":{"line":106,"column":22},"end":{"line":106,"column":63}},"60":{"start":{"line":107,"column":6},"end":{"line":107,"column":36}},"61":{"start":{"line":109,"column":6},"end":{"line":109,"column":32}},"62":{"start":{"line":114,"column":4},"end":{"line":153,"column":5}},"63":{"start":{"line":115,"column":21},"end":{"line":115,"column":29}},"64":{"start":{"line":116,"column":24},"end":{"line":116,"column":25}},"65":{"start":{"line":117,"column":24},"end":{"line":117,"column":27}},"66":{"start":{"line":120,"column":8},"end":{"line":120,"column":75}},"67":{"start":{"line":122,"column":6},"end":{"line":150,"column":7}},"68":{"start":{"line":123,"column":32},"end":{"line":125,"column":9}},"69":{"start":{"line":124,"column":23},"end":{"line":124,"column":40}},"70":{"start":{"line":127,"column":8},"end":{"line":129,"column":9}},"71":{"start":{"line":128,"column":10},"end":{"line":128,"column":70}},"72":{"start":{"line":131,"column":24},"end":{"line":134,"column":9}},"73":{"start":{"line":136,"column":8},"end":{"line":136,"column":39}},"74":{"start":{"line":137,"column":8},"end":{"line":137,"column":77}},"75":{"start":{"line":139,"column":8},"end":{"line":139,"column":49}},"76":{"start":{"line":141,"column":8},"end":{"line":145,"column":11}},"77":{"start":{"line":147,"column":8},"end":{"line":149,"column":74}},"78":{"start":{"line":152,"column":6},"end":{"line":152,"column":32}}},"fnMap":{"0":{"name":"(anonymous_0)","decl":{"start":{"line":11,"column":16},"end":{"line":11,"column":17}},"loc":{"start":{"line":11,"column":23},"end":{"line":21,"column":1}},"line":11},"1":{"name":"(anonymous_1)","decl":{"start":{"line":23,"column":27},"end":{"line":23,"column":28}},"loc":{"start":{"line":23,"column":34},"end":{"line":35,"column":1}},"line":23},"2":{"name":"(anonymous_2)","decl":{"start":{"line":37,"column":35},"end":{"line":37,"column":36}},"loc":{"start":{"line":37,"column":55},"end":{"line":42,"column":1}},"line":37},"3":{"name":"(anonymous_3)","decl":{"start":{"line":49,"column":10},"end":{"line":49,"column":11}},"loc":{"start":{"line":49,"column":30},"end":{"line":57,"column":3}},"line":49},"4":{"name":"(anonymous_4)","decl":{"start":{"line":52,"column":52},"end":{"line":52,"column":53}},"loc":{"start":{"line":52,"column":65},"end":{"line":52,"column":77}},"line":52},"5":{"name":"(anonymous_5)","decl":{"start":{"line":59,"column":9},"end":{"line":59,"column":10}},"loc":{"start":{"line":59,"column":29},"end":{"line":69,"column":3}},"line":59},"6":{"name":"(anonymous_6)","decl":{"start":{"line":71,"column":16},"end":{"line":71,"column":17}},"loc":{"start":{"line":71,"column":36},"end":{"line":101,"column":3}},"line":71},"7":{"name":"(anonymous_7)","decl":{"start":{"line":74,"column":49},"end":{"line":74,"column":50}},"loc":{"start":{"line":74,"column":62},"end":{"line":74,"column":74}},"line":74},"8":{"name":"(anonymous_8)","decl":{"start":{"line":103,"column":9},"end":{"line":103,"column":10}},"loc":{"start":{"line":103,"column":29},"end":{"line":111,"column":3}},"line":103},"9":{"name":"(anonymous_9)","decl":{"start":{"line":113,"column":9},"end":{"line":113,"column":10}},"loc":{"start":{"line":113,"column":29},"end":{"line":154,"column":3}},"line":113},"10":{"name":"(anonymous_10)","decl":{"start":{"line":124,"column":10},"end":{"line":124,"column":11}},"loc":{"start":{"line":124,"column":23},"end":{"line":124,"column":40}},"line":124}},"branchMap":{"0":{"loc":{"start":{"line":12,"column":2},"end":{"line":14,"column":3}},"type":"if","locations":[{"start":{"line":12,"column":2},"end":{"line":14,"column":3}},{"start":{},"end":{}}],"line":12},"1":{"loc":{"start":{"line":16,"column":4},"end":{"line":18,"column":5}},"type":"if","locations":[{"start":{"line":16,"column":4},"end":{"line":18,"column":5}},{"start":{},"end":{}}],"line":16},"2":{"loc":{"start":{"line":24,"column":2},"end":{"line":24,"column":23}},"type":"if","locations":[{"start":{"line":24,"column":2},"end":{"line":24,"column":23}},{"start":{},"end":{}}],"line":24},"3":{"loc":{"start":{"line":25,"column":2},"end":{"line":25,"column":24}},"type":"if","locations":[{"start":{"line":25,"column":2},"end":{"line":25,"column":24}},{"start":{},"end":{}}],"line":25},"4":{"loc":{"start":{"line":79,"column":6},"end":{"line":97,"column":7}},"type":"if","locations":[{"start":{"line":79,"column":6},"end":{"line":97,"column":7}},{"start":{"line":92,"column":13},"end":{"line":97,"column":7}}],"line":79},"5":{"loc":{"start":{"line":122,"column":6},"end":{"line":150,"column":7}},"type":"if","locations":[{"start":{"line":122,"column":6},"end":{"line":150,"column":7}},{"start":{"line":146,"column":13},"end":{"line":150,"column":7}}],"line":122},"6":{"loc":{"start":{"line":127,"column":8},"end":{"line":129,"column":9}},"type":"if","locations":[{"start":{"line":127,"column":8},"end":{"line":129,"column":9}},{"start":{},"end":{}}],"line":127},"7":{"loc":{"start":{"line":133,"column":10},"end":{"line":133,"column":42}},"type":"binary-expr","locations":[{"start":{"line":133,"column":10},"end":{"line":133,"column":37}},{"start":{"line":133,"column":41},"end":{"line":133,"column":42}}],"line":133},"8":{"loc":{"start":{"line":137,"column":39},"end":{"line":137,"column":71}},"type":"binary-expr","locations":[{"start":{"line":137,"column":39},"end":{"line":137,"column":66}},{"start":{"line":137,"column":70},"end":{"line":137,"column":71}}],"line":137}},"s":{"0":1,"1":1,"2":1,"3":1,"4":1,"5":1,"6":1,"7":1,"8":1,"9":10,"10":3,"11":7,"12":7,"13":12,"14":3,"15":4,"16":1,"17":3,"18":0,"19":3,"20":1,"21":2,"22":2,"23":2,"24":2,"25":4,"26":4,"27":4,"28":2,"29":1,"30":1,"31":1,"32":1,"33":1,"34":1,"35":2,"36":2,"37":1,"38":2,"39":1,"40":1,"41":2,"42":2,"43":2,"44":1,"45":1,"46":3,"47":3,"48":2,"49":6,"50":2,"51":2,"52":2,"53":0,"54":0,"55":0,"56":2,"57":1,"58":2,"59":2,"60":1,"61":1,"62":0,"63":0,"64":0,"65":0,"66":0,"67":0,"68":0,"69":0,"70":0,"71":0,"72":0,"73":0,"74":0,"75":0,"76":0,"77":0,"78":0},"f":{"0":10,"1":3,"2":1,"3":2,"4":2,"5":2,"6":3,"7":6,"8":2,"9":0,"10":0},"b":{"0":[3,7],"1":[3,9],"2":[0,3],"3":[1,2],"4":[0,2],"5":[0,0],"6":[0,0],"7":[0,0],"8":[0,0]},"_coverageSchema":"1a1c01bbd47fc00a2c39e90264f33305004495a9","hash":"bd16e0785263e6e674e90295ecfbd962e3a015da"}
}
