TN:
SF:controllers/pikachu.js
FN:11,(anonymous_0)
FN:23,(anonymous_1)
FN:37,(anonymous_2)
FN:49,(anonymous_3)
FN:52,(anonymous_4)
FN:59,(anonymous_5)
FN:71,(anonymous_6)
FN:74,(anonymous_7)
FN:103,(anonymous_8)
FN:113,(anonymous_9)
FN:124,(anonymous_10)
FNF:11
FNH:9
FNDA:10,(anonymous_0)
FNDA:3,(anonymous_1)
FNDA:1,(anonymous_2)
FNDA:2,(anonymous_3)
FNDA:2,(anonymous_4)
FNDA:2,(anonymous_5)
FNDA:3,(anonymous_6)
FNDA:6,(anonymous_7)
FNDA:2,(anonymous_8)
FNDA:0,(anonymous_9)
FNDA:0,(anonymous_10)
DA:1,1
DA:2,1
DA:3,1
DA:4,1
DA:5,1
DA:6,1
DA:7,1
DA:9,1
DA:11,1
DA:12,10
DA:13,3
DA:15,7
DA:16,12
DA:17,3
DA:20,4
DA:23,1
DA:24,3
DA:25,3
DA:26,2
DA:27,2
DA:29,2
DA:30,4
DA:31,4
DA:32,4
DA:34,2
DA:37,1
DA:38,1
DA:39,1
DA:40,1
DA:41,1
DA:44,1
DA:50,2
DA:51,2
DA:52,2
DA:53,1
DA:55,1
DA:60,2
DA:61,2
DA:62,2
DA:65,1
DA:67,1
DA:72,3
DA:73,3
DA:74,6
DA:76,2
DA:77,2
DA:79,2
DA:80,0
DA:85,0
DA:87,0
DA:93,2
DA:99,1
DA:104,2
DA:106,2
DA:107,1
DA:109,1
DA:114,0
DA:115,0
DA:116,0
DA:117,0
DA:120,0
DA:122,0
DA:123,0
DA:124,0
DA:127,0
DA:128,0
DA:131,0
DA:136,0
DA:137,0
DA:139,0
DA:141,0
DA:147,0
DA:152,0
LF:73
LH:53
BRDA:12,0,0,3
BRDA:12,0,1,7
BRDA:16,1,0,3
BRDA:16,1,1,9
BRDA:24,2,0,0
BRDA:24,2,1,3
BRDA:25,3,0,1
BRDA:25,3,1,2
BRDA:79,4,0,0
BRDA:79,4,1,2
BRDA:122,5,0,0
BRDA:122,5,1,0
BRDA:127,6,0,0
BRDA:127,6,1,0
BRDA:133,7,0,0
BRDA:133,7,1,0
BRDA:137,8,0,0
BRDA:137,8,1,0
BRF:18
BRH:8
end_of_record
